<?xml version="1.0" encoding="UTF-8"?>
<coverage generated="1310225555">
  <project timestamp="1310225555">
    <file name="C:\Program Files (x86)\PHP\PEAR\File\Iterator.php">
      <class name="File_Iterator" namespace="global" fullPackage="File">
        <metrics methods="6" coveredmethods="0" conditionals="0" coveredconditionals="0" statements="45" coveredstatements="0" elements="51" coveredelements="0"/>
      </class>
      <line num="87" type="method" name="__construct" crap="20" count="0"/>
      <line num="89" type="stmt" count="0"/>
      <line num="91" type="stmt" count="0"/>
      <line num="92" type="stmt" count="0"/>
      <line num="93" type="stmt" count="0"/>
      <line num="95" type="stmt" count="0"/>
      <line num="96" type="stmt" count="0"/>
      <line num="97" type="stmt" count="0"/>
      <line num="98" type="stmt" count="0"/>
      <line num="99" type="stmt" count="0"/>
      <line num="100" type="stmt" count="0"/>
      <line num="103" type="stmt" count="0"/>
      <line num="104" type="stmt" count="0"/>
      <line num="105" type="stmt" count="0"/>
      <line num="106" type="stmt" count="0"/>
      <line num="108" type="stmt" count="0"/>
      <line num="109" type="stmt" count="0"/>
      <line num="114" type="method" name="accept" crap="30" count="0"/>
      <line num="116" type="stmt" count="0"/>
      <line num="117" type="stmt" count="0"/>
      <line num="118" type="stmt" count="0"/>
      <line num="120" type="stmt" count="0"/>
      <line num="121" type="stmt" count="0"/>
      <line num="122" type="stmt" count="0"/>
      <line num="125" type="stmt" count="0"/>
      <line num="126" type="stmt" count="0"/>
      <line num="129" type="stmt" count="0"/>
      <line num="130" type="stmt" count="0"/>
      <line num="131" type="stmt" count="0"/>
      <line num="139" type="method" name="acceptPath" crap="12" count="0"/>
      <line num="141" type="stmt" count="0"/>
      <line num="142" type="stmt" count="0"/>
      <line num="143" type="stmt" count="0"/>
      <line num="145" type="stmt" count="0"/>
      <line num="147" type="stmt" count="0"/>
      <line num="155" type="method" name="acceptPrefix" crap="2" count="0"/>
      <line num="157" type="stmt" count="0"/>
      <line num="165" type="method" name="acceptSuffix" crap="2" count="0"/>
      <line num="167" type="stmt" count="0"/>
      <line num="177" type="method" name="acceptSubString" crap="56" count="0"/>
      <line num="179" type="stmt" count="0"/>
      <line num="180" type="stmt" count="0"/>
      <line num="183" type="stmt" count="0"/>
      <line num="185" type="stmt" count="0"/>
      <line num="186" type="stmt" count="0"/>
      <line num="187" type="stmt" count="0"/>
      <line num="188" type="stmt" count="0"/>
      <line num="189" type="stmt" count="0"/>
      <line num="190" type="stmt" count="0"/>
      <line num="192" type="stmt" count="0"/>
      <line num="194" type="stmt" count="0"/>
      <metrics loc="197" ncloc="99" classes="1" methods="6" coveredmethods="0" conditionals="0" coveredconditionals="0" statements="45" coveredstatements="0" elements="51" coveredelements="0"/>
    </file>
    <file name="C:\Program Files (x86)\PHP\PEAR\File\Iterator\Factory.php">
      <class name="File_Iterator_Factory" namespace="global" fullPackage="File.Iterator">
        <metrics methods="2" coveredmethods="0" conditionals="0" coveredconditionals="0" statements="59" coveredstatements="0" elements="61" coveredelements="0"/>
      </class>
      <line num="67" type="method" name="getFileIterator" crap="110" count="0"/>
      <line num="69" type="stmt" count="0"/>
      <line num="70" type="stmt" count="0"/>
      <line num="71" type="stmt" count="0"/>
      <line num="73" type="stmt" count="0"/>
      <line num="75" type="stmt" count="0"/>
      <line num="76" type="stmt" count="0"/>
      <line num="77" type="stmt" count="0"/>
      <line num="78" type="stmt" count="0"/>
      <line num="79" type="stmt" count="0"/>
      <line num="81" type="stmt" count="0"/>
      <line num="83" type="stmt" count="0"/>
      <line num="84" type="stmt" count="0"/>
      <line num="86" type="stmt" count="0"/>
      <line num="87" type="stmt" count="0"/>
      <line num="88" type="stmt" count="0"/>
      <line num="89" type="stmt" count="0"/>
      <line num="90" type="stmt" count="0"/>
      <line num="92" type="stmt" count="0"/>
      <line num="94" type="stmt" count="0"/>
      <line num="95" type="stmt" count="0"/>
      <line num="96" type="stmt" count="0"/>
      <line num="97" type="stmt" count="0"/>
      <line num="98" type="stmt" count="0"/>
      <line num="100" type="stmt" count="0"/>
      <line num="102" type="stmt" count="0"/>
      <line num="104" type="stmt" count="0"/>
      <line num="105" type="stmt" count="0"/>
      <line num="106" type="stmt" count="0"/>
      <line num="107" type="stmt" count="0"/>
      <line num="108" type="stmt" count="0"/>
      <line num="109" type="stmt" count="0"/>
      <line num="110" type="stmt" count="0"/>
      <line num="111" type="stmt" count="0"/>
      <line num="112" type="stmt" count="0"/>
      <line num="113" type="stmt" count="0"/>
      <line num="115" type="stmt" count="0"/>
      <line num="116" type="stmt" count="0"/>
      <line num="117" type="stmt" count="0"/>
      <line num="118" type="stmt" count="0"/>
      <line num="120" type="stmt" count="0"/>
      <line num="130" type="method" name="getFilesAsArray" crap="42" count="0"/>
      <line num="132" type="stmt" count="0"/>
      <line num="133" type="stmt" count="0"/>
      <line num="134" type="stmt" count="0"/>
      <line num="136" type="stmt" count="0"/>
      <line num="138" type="stmt" count="0"/>
      <line num="139" type="stmt" count="0"/>
      <line num="140" type="stmt" count="0"/>
      <line num="142" type="stmt" count="0"/>
      <line num="143" type="stmt" count="0"/>
      <line num="145" type="stmt" count="0"/>
      <line num="146" type="stmt" count="0"/>
      <line num="147" type="stmt" count="0"/>
      <line num="148" type="stmt" count="0"/>
      <line num="150" type="stmt" count="0"/>
      <line num="151" type="stmt" count="0"/>
      <line num="152" type="stmt" count="0"/>
      <line num="153" type="stmt" count="0"/>
      <line num="154" type="stmt" count="0"/>
      <line num="156" type="stmt" count="0"/>
      <metrics loc="159" ncloc="92" classes="1" methods="2" coveredmethods="0" conditionals="0" coveredconditionals="0" statements="59" coveredstatements="0" elements="61" coveredelements="0"/>
    </file>
    <file name="C:\Program Files (x86)\PHP\PEAR\Text\Template.php">
      <class name="Text_Template" namespace="global" fullPackage="Template" category="Text" package="Template">
        <metrics methods="5" coveredmethods="0" conditionals="0" coveredconditionals="0" statements="29" coveredstatements="0" elements="34" coveredelements="0"/>
      </class>
      <line num="76" type="method" name="__construct" crap="2" count="0"/>
      <line num="78" type="stmt" count="0"/>
      <line num="79" type="stmt" count="0"/>
      <line num="87" type="method" name="setFile" crap="12" count="0"/>
      <line num="89" type="stmt" count="0"/>
      <line num="91" type="stmt" count="0"/>
      <line num="92" type="stmt" count="0"/>
      <line num="93" type="stmt" count="0"/>
      <line num="95" type="stmt" count="0"/>
      <line num="96" type="stmt" count="0"/>
      <line num="97" type="stmt" count="0"/>
      <line num="100" type="stmt" count="0"/>
      <line num="102" type="stmt" count="0"/>
      <line num="104" type="stmt" count="0"/>
      <line num="112" type="method" name="setVar" crap="12" count="0"/>
      <line num="114" type="stmt" count="0"/>
      <line num="115" type="stmt" count="0"/>
      <line num="116" type="stmt" count="0"/>
      <line num="117" type="stmt" count="0"/>
      <line num="119" type="stmt" count="0"/>
      <line num="126" type="method" name="render" crap="6" count="0"/>
      <line num="128" type="stmt" count="0"/>
      <line num="130" type="stmt" count="0"/>
      <line num="131" type="stmt" count="0"/>
      <line num="132" type="stmt" count="0"/>
      <line num="134" type="stmt" count="0"/>
      <line num="142" type="method" name="renderTo" crap="6" count="0"/>
      <line num="144" type="stmt" count="0"/>
      <line num="146" type="stmt" count="0"/>
      <line num="147" type="stmt" count="0"/>
      <line num="148" type="stmt" count="0"/>
      <line num="149" type="stmt" count="0"/>
      <line num="150" type="stmt" count="0"/>
      <line num="152" type="stmt" count="0"/>
      <metrics loc="153" ncloc="64" classes="1" methods="5" coveredmethods="0" conditionals="0" coveredconditionals="0" statements="29" coveredstatements="0" elements="34" coveredelements="0"/>
    </file>
    <file name="C:\Users\janoszen\Documents\NetBeansProjects\Alternative-Class-Repository\src\ClassLoader.php">
      <class name="ClassLoader" namespace="global">
        <metrics methods="11" coveredmethods="7" conditionals="0" coveredconditionals="0" statements="88" coveredstatements="77" elements="99" coveredelements="84"/>
      </class>
      <line num="0" type="stmt" count="1"/>
      <line num="73" type="method" name="setClassPath" crap="6" count="0"/>
      <line num="74" type="stmt" count="0"/>
      <line num="75" type="stmt" count="0"/>
      <line num="76" type="stmt" count="0"/>
      <line num="77" type="stmt" count="0"/>
      <line num="79" type="stmt" count="0"/>
      <line num="87" type="method" name="setImportedFiles" crap="2" count="0"/>
      <line num="88" type="stmt" count="0"/>
      <line num="89" type="stmt" count="0"/>
      <line num="97" type="method" name="hasLoadCallback" crap="3" count="4"/>
      <line num="98" type="stmt" count="4"/>
      <line num="99" type="stmt" count="4"/>
      <line num="100" type="stmt" count="4"/>
      <line num="101" type="stmt" count="4"/>
      <line num="102" type="stmt" count="1"/>
      <line num="104" type="stmt" count="3"/>
      <line num="112" type="method" name="callbackClass" crap="2" count="4"/>
      <line num="113" type="stmt" count="4"/>
      <line num="114" type="stmt" count="1"/>
      <line num="115" type="stmt" count="1"/>
      <line num="116" type="stmt" count="4"/>
      <line num="122" type="method" name="loadFile" crap="5" count="4"/>
      <line num="123" type="stmt" count="4"/>
      <line num="124" type="stmt" count="4"/>
      <line num="125" type="stmt" count="4"/>
      <line num="126" type="stmt" count="4"/>
      <line num="131" type="stmt" count="4"/>
      <line num="133" type="stmt" count="4"/>
      <line num="134" type="stmt" count="4"/>
      <line num="135" type="stmt" count="4"/>
      <line num="142" type="method" name="getCandidates" crap="8" count="4"/>
      <line num="143" type="stmt" count="4"/>
      <line num="144" type="stmt" count="4"/>
      <line num="145" type="stmt" count="4"/>
      <line num="146" type="stmt" count="4"/>
      <line num="147" type="stmt" count="4"/>
      <line num="148" type="stmt" count="4"/>
      <line num="149" type="stmt" count="2"/>
      <line num="150" type="stmt" count="2"/>
      <line num="151" type="stmt" count="2"/>
      <line num="152" type="stmt" count="2"/>
      <line num="153" type="stmt" count="2"/>
      <line num="154" type="stmt" count="2"/>
      <line num="155" type="stmt" count="2"/>
      <line num="156" type="stmt" count="2"/>
      <line num="157" type="stmt" count="2"/>
      <line num="158" type="stmt" count="2"/>
      <line num="159" type="stmt" count="2"/>
      <line num="160" type="stmt" count="2"/>
      <line num="161" type="stmt" count="2"/>
      <line num="162" type="stmt" count="2"/>
      <line num="163" type="stmt" count="2"/>
      <line num="164" type="stmt" count="2"/>
      <line num="165" type="stmt" count="3"/>
      <line num="166" type="stmt" count="3"/>
      <line num="167" type="stmt" count="3"/>
      <line num="169" type="stmt" count="4"/>
      <line num="170" type="stmt" count="4"/>
      <line num="171" type="stmt" count="4"/>
      <line num="178" type="method" name="import" crap="6" count="4"/>
      <line num="183" type="stmt" count="4"/>
      <line num="184" type="stmt" count="4"/>
      <line num="185" type="stmt" count="4"/>
      <line num="186" type="stmt" count="1"/>
      <line num="187" type="stmt" count="1"/>
      <line num="193" type="stmt" count="4"/>
      <line num="198" type="stmt" count="4"/>
      <line num="199" type="stmt" count="4"/>
      <line num="200" type="stmt" count="4"/>
      <line num="201" type="stmt" count="4"/>
      <line num="202" type="stmt" count="4"/>
      <line num="203" type="stmt" count="4"/>
      <line num="204" type="stmt" count="4"/>
      <line num="205" type="stmt" count="4"/>
      <line num="206" type="stmt" count="4"/>
      <line num="207" type="stmt" count="4"/>
      <line num="208" type="stmt" count="4"/>
      <line num="209" type="stmt" count="4"/>
      <line num="210" type="stmt" count="4"/>
      <line num="211" type="stmt" count="4"/>
      <line num="222" type="method" name="loadAndCreateInstance" crap="1" count="1"/>
      <line num="223" type="stmt" count="1"/>
      <line num="224" type="stmt" count="1"/>
      <line num="225" type="stmt" count="1"/>
      <line num="226" type="stmt" count="1"/>
      <line num="227" type="stmt" count="1"/>
      <line num="228" type="stmt" count="1"/>
      <line num="240" type="method" name="createInstance" crap="1" count="1"/>
      <line num="241" type="stmt" count="1"/>
      <line num="242" type="stmt" count="1"/>
      <line num="243" type="stmt" count="1"/>
      <line num="244" type="stmt" count="1"/>
      <line num="245" type="stmt" count="1"/>
      <line num="254" type="method" name="autoload" crap="2" count="0"/>
      <line num="255" type="stmt" count="0"/>
      <line num="256" type="stmt" count="0"/>
      <line num="264" type="method" name="registerAutoload" crap="2" count="0"/>
      <line num="265" type="stmt" count="0"/>
      <line num="266" type="stmt" count="0"/>
      <metrics loc="267" ncloc="154" classes="1" methods="11" coveredmethods="7" conditionals="0" coveredconditionals="0" statements="89" coveredstatements="78" elements="100" coveredelements="85"/>
    </file>
    <file name="C:\Users\janoszen\Documents\NetBeansProjects\Alternative-Class-Repository\src\PHP\IO\File.php">
      <class name="File" namespace="global">
        <metrics methods="17" coveredmethods="10" conditionals="0" coveredconditionals="0" statements="42" coveredstatements="26" elements="59" coveredelements="36"/>
      </class>
      <line num="0" type="stmt" count="6"/>
      <line num="42" type="method" name="__construct" crap="1" count="6"/>
      <line num="43" type="stmt" count="6"/>
      <line num="44" type="stmt" count="6"/>
      <line num="51" type="method" name="getPathSeparator" crap="2" count="4"/>
      <line num="52" type="stmt" count="4"/>
      <line num="53" type="stmt" count="1"/>
      <line num="54" type="stmt" count="1"/>
      <line num="55" type="stmt" count="4"/>
      <line num="63" type="method" name="createNewFile" crap="3.04" count="1"/>
      <line num="64" type="stmt" count="1"/>
      <line num="65" type="stmt" count="1"/>
      <line num="72" type="stmt" count="1"/>
      <line num="73" type="stmt" count="0"/>
      <line num="75" type="stmt" count="1"/>
      <line num="76" type="stmt" count="1"/>
      <line num="84" type="method" name="canRead" crap="3.33" count="1"/>
      <line num="85" type="stmt" count="1"/>
      <line num="86" type="stmt" count="1"/>
      <line num="88" type="stmt" count="0"/>
      <line num="97" type="method" name="canWrite" crap="1" count="1"/>
      <line num="98" type="stmt" count="1"/>
      <line num="106" type="method" name="getAbsoluteFile" crap="2" count="3"/>
      <line num="107" type="stmt" count="3"/>
      <line num="108" type="stmt" count="1"/>
      <line num="110" type="stmt" count="2"/>
      <line num="119" type="method" name="getAbsolutePath" crap="1" count="2"/>
      <line num="120" type="stmt" count="2"/>
      <line num="128" type="method" name="getCanonicalFile" crap="2" count="0"/>
      <line num="129" type="stmt" count="0"/>
      <line num="137" type="method" name="getCanonicalPath" crap="2" count="0"/>
      <line num="138" type="stmt" count="0"/>
      <line num="146" type="method" name="getPath" crap="2" count="0"/>
      <line num="147" type="stmt" count="0"/>
      <line num="155" type="method" name="isAbsolute" crap="3" count="3"/>
      <line num="156" type="stmt" count="3"/>
      <line num="157" type="stmt" count="3"/>
      <line num="158" type="stmt" count="3"/>
      <line num="159" type="stmt" count="2"/>
      <line num="161" type="stmt" count="1"/>
      <line num="170" type="method" name="isDirectory" crap="1" count="1"/>
      <line num="171" type="stmt" count="1"/>
      <line num="179" type="method" name="isFile" crap="2" count="0"/>
      <line num="180" type="stmt" count="0"/>
      <line num="188" type="method" name="mkdir" crap="6" count="0"/>
      <line num="189" type="stmt" count="0"/>
      <line num="190" type="stmt" count="0"/>
      <line num="192" type="stmt" count="0"/>
      <line num="201" type="method" name="renameTo" crap="6" count="0"/>
      <line num="202" type="stmt" count="0"/>
      <line num="203" type="stmt" count="0"/>
      <line num="205" type="stmt" count="0"/>
      <line num="211" type="method" name="unlink" crap="2" count="0"/>
      <line num="212" type="stmt" count="0"/>
      <line num="213" type="stmt" count="0"/>
      <line num="218" type="method" name="__destruct" crap="2.50" count="6"/>
      <line num="219" type="stmt" count="6"/>
      <line num="220" type="stmt" count="0"/>
      <line num="221" type="stmt" count="0"/>
      <line num="222" type="stmt" count="6"/>
      <metrics loc="223" ncloc="112" classes="1" methods="17" coveredmethods="10" conditionals="0" coveredconditionals="0" statements="43" coveredstatements="27" elements="60" coveredelements="37"/>
    </file>
    <file name="C:\Users\janoszen\Documents\NetBeansProjects\Alternative-Class-Repository\src\PHP\IO\FileNotFoundException.php">
      <class name="FileNotFoundException" namespace="global">
        <metrics methods="1" coveredmethods="0" conditionals="0" coveredconditionals="0" statements="2" coveredstatements="0" elements="3" coveredelements="0"/>
      </class>
      <line num="15" type="method" name="__construct" crap="2" count="0"/>
      <line num="16" type="stmt" count="0"/>
      <line num="17" type="stmt" count="0"/>
      <metrics loc="18" ncloc="11" classes="1" methods="1" coveredmethods="0" conditionals="0" coveredconditionals="0" statements="2" coveredstatements="0" elements="3" coveredelements="0"/>
    </file>
    <file name="C:\Users\janoszen\Documents\NetBeansProjects\Alternative-Class-Repository\src\PHP\Lang\Exception.php">
      <class name="Exception" namespace="global">
        <metrics methods="7" coveredmethods="7" conditionals="0" coveredconditionals="0" statements="12" coveredstatements="12" elements="19" coveredelements="19"/>
      </class>
      <line num="0" type="stmt" count="1"/>
      <line num="27" type="method" name="__construct" crap="1" count="17"/>
      <line num="28" type="stmt" count="17"/>
      <line num="29" type="stmt" count="17"/>
      <line num="30" type="stmt" count="17"/>
      <line num="36" type="method" name="generateHashCode" crap="1" count="17"/>
      <line num="37" type="stmt" count="17"/>
      <line num="38" type="stmt" count="17"/>
      <line num="45" type="method" name="equals" crap="2" count="1"/>
      <line num="46" type="stmt" count="1"/>
      <line num="47" type="stmt" count="1"/>
      <line num="49" type="stmt" count="1"/>
      <line num="57" type="method" name="getClass" crap="1" count="1"/>
      <line num="58" type="stmt" count="1"/>
      <line num="65" type="method" name="hashCode" crap="1" count="3"/>
      <line num="66" type="stmt" count="3"/>
      <line num="73" type="method" name="__toString" crap="1" count="1"/>
      <line num="74" type="stmt" count="1"/>
      <line num="81" type="method" name="toString" crap="1" count="1"/>
      <line num="82" type="stmt" count="1"/>
      <metrics loc="84" ncloc="41" classes="1" methods="7" coveredmethods="7" conditionals="0" coveredconditionals="0" statements="13" coveredstatements="13" elements="20" coveredelements="20"/>
    </file>
    <file name="C:\Users\janoszen\Documents\NetBeansProjects\Alternative-Class-Repository\src\PHP\Lang\IndexOutOfBoundsException.php">
      <class name="IndexOutOfBoundsException" namespace="global">
        <metrics methods="1" coveredmethods="1" conditionals="0" coveredconditionals="0" statements="5" coveredstatements="5" elements="6" coveredelements="6"/>
      </class>
      <line num="20" type="method" name="__construct" crap="2" count="2"/>
      <line num="21" type="stmt" count="2"/>
      <line num="22" type="stmt" count="1"/>
      <line num="23" type="stmt" count="1"/>
      <line num="24" type="stmt" count="1"/>
      <line num="26" type="stmt" count="2"/>
      <metrics loc="27" ncloc="15" classes="1" methods="1" coveredmethods="1" conditionals="0" coveredconditionals="0" statements="5" coveredstatements="5" elements="6" coveredelements="6"/>
    </file>
    <file name="C:\Users\janoszen\Documents\NetBeansProjects\Alternative-Class-Repository\src\PHP\Lang\Math.php">
      <class name="Math" namespace="global">
        <metrics methods="17" coveredmethods="0" conditionals="0" coveredconditionals="0" statements="63" coveredstatements="0" elements="80" coveredelements="0"/>
      </class>
      <line num="49" type="method" name="abs" crap="6" count="0"/>
      <line num="50" type="stmt" count="0"/>
      <line num="51" type="stmt" count="0"/>
      <line num="53" type="stmt" count="0"/>
      <line num="62" type="method" name="acos" crap="6" count="0"/>
      <line num="63" type="stmt" count="0"/>
      <line num="64" type="stmt" count="0"/>
      <line num="66" type="stmt" count="0"/>
      <line num="75" type="method" name="asin" crap="6" count="0"/>
      <line num="76" type="stmt" count="0"/>
      <line num="77" type="stmt" count="0"/>
      <line num="79" type="stmt" count="0"/>
      <line num="88" type="method" name="atan" crap="6" count="0"/>
      <line num="89" type="stmt" count="0"/>
      <line num="90" type="stmt" count="0"/>
      <line num="92" type="stmt" count="0"/>
      <line num="102" type="method" name="ceil" crap="6" count="0"/>
      <line num="103" type="stmt" count="0"/>
      <line num="104" type="stmt" count="0"/>
      <line num="106" type="stmt" count="0"/>
      <line num="116" type="method" name="cos" crap="6" count="0"/>
      <line num="117" type="stmt" count="0"/>
      <line num="118" type="stmt" count="0"/>
      <line num="120" type="stmt" count="0"/>
      <line num="129" type="method" name="exp" crap="6" count="0"/>
      <line num="130" type="stmt" count="0"/>
      <line num="131" type="stmt" count="0"/>
      <line num="133" type="stmt" count="0"/>
      <line num="142" type="method" name="floor" crap="6" count="0"/>
      <line num="143" type="stmt" count="0"/>
      <line num="144" type="stmt" count="0"/>
      <line num="146" type="stmt" count="0"/>
      <line num="156" type="method" name="log" crap="12" count="0"/>
      <line num="157" type="stmt" count="0"/>
      <line num="158" type="stmt" count="0"/>
      <line num="160" type="stmt" count="0"/>
      <line num="161" type="stmt" count="0"/>
      <line num="163" type="stmt" count="0"/>
      <line num="173" type="method" name="max" crap="12" count="0"/>
      <line num="174" type="stmt" count="0"/>
      <line num="175" type="stmt" count="0"/>
      <line num="177" type="stmt" count="0"/>
      <line num="178" type="stmt" count="0"/>
      <line num="180" type="stmt" count="0"/>
      <line num="190" type="method" name="min" crap="12" count="0"/>
      <line num="191" type="stmt" count="0"/>
      <line num="192" type="stmt" count="0"/>
      <line num="194" type="stmt" count="0"/>
      <line num="195" type="stmt" count="0"/>
      <line num="197" type="stmt" count="0"/>
      <line num="207" type="method" name="pow" crap="12" count="0"/>
      <line num="208" type="stmt" count="0"/>
      <line num="209" type="stmt" count="0"/>
      <line num="211" type="stmt" count="0"/>
      <line num="212" type="stmt" count="0"/>
      <line num="214" type="stmt" count="0"/>
      <line num="222" type="method" name="random" crap="2" count="0"/>
      <line num="223" type="stmt" count="0"/>
      <line num="233" type="method" name="round" crap="20" count="0"/>
      <line num="234" type="stmt" count="0"/>
      <line num="235" type="stmt" count="0"/>
      <line num="237" type="stmt" count="0"/>
      <line num="238" type="stmt" count="0"/>
      <line num="240" type="stmt" count="0"/>
      <line num="241" type="stmt" count="0"/>
      <line num="243" type="stmt" count="0"/>
      <line num="252" type="method" name="sin" crap="6" count="0"/>
      <line num="253" type="stmt" count="0"/>
      <line num="254" type="stmt" count="0"/>
      <line num="256" type="stmt" count="0"/>
      <line num="266" type="method" name="sqrt" crap="12" count="0"/>
      <line num="267" type="stmt" count="0"/>
      <line num="268" type="stmt" count="0"/>
      <line num="270" type="stmt" count="0"/>
      <line num="271" type="stmt" count="0"/>
      <line num="273" type="stmt" count="0"/>
      <line num="282" type="method" name="tan" crap="6" count="0"/>
      <line num="283" type="stmt" count="0"/>
      <line num="284" type="stmt" count="0"/>
      <line num="286" type="stmt" count="0"/>
      <metrics loc="288" ncloc="157" classes="1" methods="17" coveredmethods="0" conditionals="0" coveredconditionals="0" statements="63" coveredstatements="0" elements="80" coveredelements="0"/>
    </file>
    <file name="C:\Users\janoszen\Documents\NetBeansProjects\Alternative-Class-Repository\src\PHP\Lang\NotImplementedException.php">
      <class name="NotImplementedException" namespace="global">
        <metrics methods="1" coveredmethods="1" conditionals="0" coveredconditionals="0" statements="9" coveredstatements="9" elements="10" coveredelements="10"/>
      </class>
      <line num="16" type="method" name="__construct" crap="2" count="2"/>
      <line num="17" type="stmt" count="2"/>
      <line num="18" type="stmt" count="2"/>
      <line num="19" type="stmt" count="1"/>
      <line num="20" type="stmt" count="1"/>
      <line num="21" type="stmt" count="1"/>
      <line num="22" type="stmt" count="1"/>
      <line num="23" type="stmt" count="1"/>
      <line num="24" type="stmt" count="1"/>
      <line num="26" type="stmt" count="2"/>
      <metrics loc="27" ncloc="19" classes="1" methods="1" coveredmethods="1" conditionals="0" coveredconditionals="0" statements="9" coveredstatements="9" elements="10" coveredelements="10"/>
    </file>
    <file name="C:\Users\janoszen\Documents\NetBeansProjects\Alternative-Class-Repository\src\PHP\Lang\Object.php">
      <class name="Object" namespace="global">
        <metrics methods="8" coveredmethods="8" conditionals="0" coveredconditionals="0" statements="13" coveredstatements="13" elements="21" coveredelements="21"/>
      </class>
      <line num="0" type="stmt" count="2"/>
      <line num="23" type="method" name="__construct" crap="1" count="3"/>
      <line num="24" type="stmt" count="3"/>
      <line num="25" type="stmt" count="3"/>
      <line num="31" type="method" name="__clone" crap="1" count="1"/>
      <line num="32" type="stmt" count="1"/>
      <line num="33" type="stmt" count="1"/>
      <line num="42" type="method" name="generateHashCode" crap="1" count="3"/>
      <line num="43" type="stmt" count="3"/>
      <line num="44" type="stmt" count="3"/>
      <line num="51" type="method" name="equals" crap="2" count="1"/>
      <line num="52" type="stmt" count="1"/>
      <line num="53" type="stmt" count="1"/>
      <line num="55" type="stmt" count="1"/>
      <line num="63" type="method" name="getClass" crap="1" count="8"/>
      <line num="64" type="stmt" count="8"/>
      <line num="71" type="method" name="hashCode" crap="1" count="3"/>
      <line num="72" type="stmt" count="3"/>
      <line num="79" type="method" name="__toString" crap="1" count="2"/>
      <line num="80" type="stmt" count="2"/>
      <line num="87" type="method" name="toString" crap="1" count="1"/>
      <line num="88" type="stmt" count="1"/>
      <metrics loc="90" ncloc="46" classes="1" methods="8" coveredmethods="8" conditionals="0" coveredconditionals="0" statements="14" coveredstatements="14" elements="22" coveredelements="22"/>
    </file>
    <file name="C:\Users\janoszen\Documents\NetBeansProjects\Alternative-Class-Repository\src\PHP\Lang\TypeError.php">
      <class name="TypeError" namespace="global">
        <metrics methods="1" coveredmethods="1" conditionals="0" coveredconditionals="0" statements="15" coveredstatements="15" elements="16" coveredelements="16"/>
      </class>
      <line num="20" type="method" name="__construct" crap="3" count="3"/>
      <line num="21" type="stmt" count="3"/>
      <line num="22" type="stmt" count="3"/>
      <line num="23" type="stmt" count="3"/>
      <line num="24" type="stmt" count="2"/>
      <line num="25" type="stmt" count="2"/>
      <line num="26" type="stmt" count="1"/>
      <line num="27" type="stmt" count="1"/>
      <line num="28" type="stmt" count="1"/>
      <line num="29" type="stmt" count="3"/>
      <line num="30" type="stmt" count="3"/>
      <line num="31" type="stmt" count="3"/>
      <line num="32" type="stmt" count="3"/>
      <line num="33" type="stmt" count="3"/>
      <line num="34" type="stmt" count="3"/>
      <line num="35" type="stmt" count="3"/>
      <metrics loc="36" ncloc="24" classes="1" methods="1" coveredmethods="1" conditionals="0" coveredconditionals="0" statements="15" coveredstatements="15" elements="16" coveredelements="16"/>
    </file>
    <file name="C:\Users\janoszen\Documents\NetBeansProjects\Alternative-Class-Repository\src\PHP\Lang\ValueError.php">
      <class name="ValueError" namespace="global">
        <metrics methods="1" coveredmethods="1" conditionals="0" coveredconditionals="0" statements="6" coveredstatements="6" elements="7" coveredelements="7"/>
      </class>
      <line num="20" type="method" name="__construct" crap="2" count="6"/>
      <line num="21" type="stmt" count="6"/>
      <line num="22" type="stmt" count="6"/>
      <line num="23" type="stmt" count="6"/>
      <line num="24" type="stmt" count="6"/>
      <line num="25" type="stmt" count="6"/>
      <line num="26" type="stmt" count="6"/>
      <metrics loc="27" ncloc="15" classes="1" methods="1" coveredmethods="1" conditionals="0" coveredconditionals="0" statements="6" coveredstatements="6" elements="7" coveredelements="7"/>
    </file>
    <file name="C:\Users\janoszen\Documents\NetBeansProjects\Alternative-Class-Repository\src\PHP\Net\INET4Address.php">
      <class name="INET4Address" namespace="global">
        <metrics methods="11" coveredmethods="11" conditionals="0" coveredconditionals="0" statements="57" coveredstatements="57" elements="68" coveredelements="68"/>
      </class>
      <line num="54" type="method" name="__construct" crap="1" count="14"/>
      <line num="55" type="stmt" count="14"/>
      <line num="56" type="stmt" count="12"/>
      <line num="64" type="method" name="setAddress" crap="6" count="14"/>
      <line num="65" type="stmt" count="14"/>
      <line num="66" type="stmt" count="14"/>
      <line num="67" type="stmt" count="14"/>
      <line num="68" type="stmt" count="14"/>
      <line num="69" type="stmt" count="1"/>
      <line num="71" type="stmt" count="13"/>
      <line num="72" type="stmt" count="13"/>
      <line num="73" type="stmt" count="1"/>
      <line num="75" type="stmt" count="12"/>
      <line num="76" type="stmt" count="12"/>
      <line num="77" type="stmt" count="12"/>
      <line num="78" type="stmt" count="12"/>
      <line num="79" type="stmt" count="12"/>
      <line num="86" type="method" name="getAddress" crap="1" count="2"/>
      <line num="87" type="stmt" count="2"/>
      <line num="88" type="stmt" count="2"/>
      <line num="95" type="method" name="getAsBinary" crap="7" count="9"/>
      <line num="96" type="stmt" count="9"/>
      <line num="97" type="stmt" count="1"/>
      <line num="99" type="stmt" count="8"/>
      <line num="100" type="stmt" count="8"/>
      <line num="101" type="stmt" count="8"/>
      <line num="102" type="stmt" count="8"/>
      <line num="103" type="stmt" count="8"/>
      <line num="104" type="stmt" count="8"/>
      <line num="105" type="stmt" count="5"/>
      <line num="106" type="stmt" count="8"/>
      <line num="107" type="stmt" count="2"/>
      <line num="109" type="stmt" count="6"/>
      <line num="116" type="method" name="isUnicast" crap="1" count="1"/>
      <line num="117" type="stmt" count="1"/>
      <line num="124" type="method" name="getMulticastRange" crap="2" count="2"/>
      <line num="125" type="stmt" count="2"/>
      <line num="126" type="stmt" count="1"/>
      <line num="127" type="stmt" count="1"/>
      <line num="128" type="stmt" count="2"/>
      <line num="135" type="method" name="getPrivateRanges" crap="2" count="1"/>
      <line num="136" type="stmt" count="1"/>
      <line num="137" type="stmt" count="1"/>
      <line num="138" type="stmt" count="1"/>
      <line num="139" type="stmt" count="1"/>
      <line num="140" type="stmt" count="1"/>
      <line num="141" type="stmt" count="1"/>
      <line num="142" type="stmt" count="1"/>
      <line num="143" type="stmt" count="1"/>
      <line num="144" type="stmt" count="1"/>
      <line num="145" type="stmt" count="1"/>
      <line num="152" type="method" name="getLoopbackRange" crap="2" count="2"/>
      <line num="153" type="stmt" count="2"/>
      <line num="154" type="stmt" count="1"/>
      <line num="155" type="stmt" count="1"/>
      <line num="156" type="stmt" count="2"/>
      <line num="163" type="method" name="isMulticast" crap="1" count="2"/>
      <line num="164" type="stmt" count="2"/>
      <line num="171" type="method" name="isLoopback" crap="1" count="2"/>
      <line num="172" type="stmt" count="2"/>
      <line num="179" type="method" name="isGloballyRoutable" crap="4" count="1"/>
      <line num="180" type="stmt" count="1"/>
      <line num="181" type="stmt" count="1"/>
      <line num="182" type="stmt" count="1"/>
      <line num="184" type="stmt" count="1"/>
      <line num="185" type="stmt" count="1"/>
      <line num="186" type="stmt" count="1"/>
      <line num="188" type="stmt" count="1"/>
      <metrics loc="190" ncloc="113" classes="1" methods="11" coveredmethods="11" conditionals="0" coveredconditionals="0" statements="57" coveredstatements="57" elements="68" coveredelements="68"/>
    </file>
    <file name="C:\Users\janoszen\Documents\NetBeansProjects\Alternative-Class-Repository\src\PHP\Net\INET6Address.php">
      <class name="INET6Address" namespace="global">
        <metrics methods="12" coveredmethods="2" conditionals="0" coveredconditionals="0" statements="96" coveredstatements="27" elements="108" coveredelements="29"/>
      </class>
      <line num="92" type="method" name="getGlobalUnicastAddressRange" crap="6" count="0"/>
      <line num="93" type="stmt" count="0"/>
      <line num="94" type="stmt" count="0"/>
      <line num="95" type="stmt" count="0"/>
      <line num="96" type="stmt" count="0"/>
      <line num="103" type="method" name="getLinkLocalAddressRange" crap="6" count="0"/>
      <line num="104" type="stmt" count="0"/>
      <line num="105" type="stmt" count="0"/>
      <line num="106" type="stmt" count="0"/>
      <line num="107" type="stmt" count="0"/>
      <line num="114" type="method" name="getLoopbackAddressRange" crap="6" count="0"/>
      <line num="115" type="stmt" count="0"/>
      <line num="116" type="stmt" count="0"/>
      <line num="117" type="stmt" count="0"/>
      <line num="118" type="stmt" count="0"/>
      <line num="125" type="method" name="getUniqueLocalAddressRange" crap="6" count="0"/>
      <line num="126" type="stmt" count="0"/>
      <line num="127" type="stmt" count="0"/>
      <line num="128" type="stmt" count="0"/>
      <line num="129" type="stmt" count="0"/>
      <line num="136" type="method" name="__construct" crap="1" count="2"/>
      <line num="137" type="stmt" count="2"/>
      <line num="138" type="stmt" count="2"/>
      <line num="146" type="method" name="setAddress" crap="8.17" count="2"/>
      <line num="147" type="stmt" count="2"/>
      <line num="148" type="stmt" count="2"/>
      <line num="149" type="stmt" count="2"/>
      <line num="150" type="stmt" count="0"/>
      <line num="151" type="stmt" count="0"/>
      <line num="152" type="stmt" count="2"/>
      <line num="153" type="stmt" count="2"/>
      <line num="154" type="stmt" count="2"/>
      <line num="155" type="stmt" count="1"/>
      <line num="156" type="stmt" count="1"/>
      <line num="157" type="stmt" count="2"/>
      <line num="158" type="stmt" count="2"/>
      <line num="159" type="stmt" count="2"/>
      <line num="160" type="stmt" count="2"/>
      <line num="161" type="stmt" count="0"/>
      <line num="162" type="stmt" count="2"/>
      <line num="163" type="stmt" count="1"/>
      <line num="164" type="stmt" count="1"/>
      <line num="165" type="stmt" count="2"/>
      <line num="167" type="stmt" count="2"/>
      <line num="169" type="stmt" count="2"/>
      <line num="170" type="stmt" count="2"/>
      <line num="171" type="stmt" count="2"/>
      <line num="172" type="stmt" count="0"/>
      <line num="174" type="stmt" count="2"/>
      <line num="175" type="stmt" count="2"/>
      <line num="176" type="stmt" count="2"/>
      <line num="177" type="stmt" count="2"/>
      <line num="178" type="stmt" count="2"/>
      <line num="185" type="method" name="getAddress" crap="12" count="0"/>
      <line num="186" type="stmt" count="0"/>
      <line num="187" type="stmt" count="0"/>
      <line num="188" type="stmt" count="0"/>
      <line num="189" type="stmt" count="0"/>
      <line num="190" type="stmt" count="0"/>
      <line num="191" type="stmt" count="0"/>
      <line num="192" type="stmt" count="0"/>
      <line num="193" type="stmt" count="0"/>
      <line num="194" type="stmt" count="0"/>
      <line num="201" type="method" name="getAsBinary" crap="42" count="0"/>
      <line num="202" type="stmt" count="0"/>
      <line num="203" type="stmt" count="0"/>
      <line num="204" type="stmt" count="0"/>
      <line num="205" type="stmt" count="0"/>
      <line num="206" type="stmt" count="0"/>
      <line num="207" type="stmt" count="0"/>
      <line num="208" type="stmt" count="0"/>
      <line num="209" type="stmt" count="0"/>
      <line num="210" type="stmt" count="0"/>
      <line num="212" type="stmt" count="0"/>
      <line num="219" type="method" name="isUnicast" crap="6" count="0"/>
      <line num="220" type="stmt" count="0"/>
      <line num="221" type="stmt" count="0"/>
      <line num="222" type="stmt" count="0"/>
      <line num="223" type="stmt" count="0"/>
      <line num="224" type="stmt" count="0"/>
      <line num="225" type="stmt" count="0"/>
      <line num="226" type="stmt" count="0"/>
      <line num="228" type="stmt" count="0"/>
      <line num="236" type="method" name="isMulticast" crap="6" count="0"/>
      <line num="237" type="stmt" count="0"/>
      <line num="239" type="stmt" count="0"/>
      <line num="241" type="stmt" count="0"/>
      <line num="249" type="method" name="isLoopback" crap="6" count="0"/>
      <line num="250" type="stmt" count="0"/>
      <line num="251" type="stmt" count="0"/>
      <line num="253" type="stmt" count="0"/>
      <line num="275" type="method" name="isGloballyRoutable" crap="20" count="0"/>
      <line num="276" type="stmt" count="0"/>
      <line num="277" type="stmt" count="0"/>
      <line num="278" type="stmt" count="0"/>
      <line num="279" type="stmt" count="0"/>
      <line num="280" type="stmt" count="0"/>
      <line num="281" type="stmt" count="0"/>
      <line num="282" type="stmt" count="0"/>
      <line num="283" type="stmt" count="0"/>
      <line num="284" type="stmt" count="0"/>
      <line num="285" type="stmt" count="0"/>
      <line num="286" type="stmt" count="0"/>
      <line num="287" type="stmt" count="0"/>
      <line num="288" type="stmt" count="0"/>
      <line num="289" type="stmt" count="0"/>
      <line num="290" type="stmt" count="0"/>
      <line num="292" type="stmt" count="0"/>
      <metrics loc="295" ncloc="170" classes="1" methods="12" coveredmethods="2" conditionals="0" coveredconditionals="0" statements="96" coveredstatements="27" elements="108" coveredelements="29"/>
    </file>
    <file name="C:\Users\janoszen\Documents\NetBeansProjects\Alternative-Class-Repository\src\PHP\Net\INETAddress.php">
      <class name="INETAddress" namespace="global">
        <metrics methods="13" coveredmethods="12" conditionals="0" coveredconditionals="0" statements="28" coveredstatements="19" elements="41" coveredelements="31"/>
      </class>
      <line num="18" type="method" name="__construct" crap="1" count="14"/>
      <line num="19" type="stmt" count="14"/>
      <line num="20" type="stmt" count="12"/>
      <line num="27" type="method" name="isUnicast" crap="1" count="4"/>
      <line num="33" type="method" name="isMulticast" crap="1" count="4"/>
      <line num="39" type="method" name="isLoopback" crap="1" count="4"/>
      <line num="45" type="method" name="isGloballyRoutable" crap="1" count="4"/>
      <line num="53" type="method" name="isInRange" crap="1" count="4"/>
      <line num="54" type="stmt" count="4"/>
      <line num="63" type="method" name="isInRanges" crap="20" count="0"/>
      <line num="64" type="stmt" count="0"/>
      <line num="65" type="stmt" count="0"/>
      <line num="66" type="stmt" count="0"/>
      <line num="67" type="stmt" count="0"/>
      <line num="68" type="stmt" count="0"/>
      <line num="69" type="stmt" count="0"/>
      <line num="71" type="stmt" count="0"/>
      <line num="74" type="stmt" count="0"/>
      <line num="75" type="stmt" count="0"/>
      <line num="84" type="method" name="setAddress" crap="1" count="1"/>
      <line num="90" type="method" name="getAddress" crap="1" count="1"/>
      <line num="97" type="method" name="getAsBinary" crap="1" count="1"/>
      <line num="103" type="method" name="toString" crap="1" count="1"/>
      <line num="104" type="stmt" count="1"/>
      <line num="112" type="method" name="equals" crap="3" count="1"/>
      <line num="113" type="stmt" count="1"/>
      <line num="114" type="stmt" count="1"/>
      <line num="116" type="stmt" count="1"/>
      <line num="117" type="stmt" count="1"/>
      <line num="119" type="stmt" count="1"/>
      <line num="129" type="method" name="compareTo" crap="2" count="2"/>
      <line num="130" type="stmt" count="2"/>
      <line num="131" type="stmt" count="1"/>
      <line num="133" type="stmt" count="1"/>
      <metrics loc="135" ncloc="65" classes="1" methods="13" coveredmethods="12" conditionals="0" coveredconditionals="0" statements="28" coveredstatements="19" elements="41" coveredelements="31"/>
    </file>
    <file name="C:\Users\janoszen\Documents\NetBeansProjects\Alternative-Class-Repository\src\PHP\Net\INETAddressFormatError.php">
      <class name="INETAddressFormatError" namespace="global">
        <metrics methods="2" coveredmethods="1" conditionals="0" coveredconditionals="0" statements="4" coveredstatements="3" elements="6" coveredelements="4"/>
      </class>
      <line num="22" type="method" name="__construct" crap="1" count="2"/>
      <line num="23" type="stmt" count="2"/>
      <line num="24" type="stmt" count="2"/>
      <line num="25" type="stmt" count="2"/>
      <line num="31" type="method" name="getAddress" crap="2" count="0"/>
      <line num="32" type="stmt" count="0"/>
      <metrics loc="34" ncloc="19" classes="1" methods="2" coveredmethods="1" conditionals="0" coveredconditionals="0" statements="4" coveredstatements="3" elements="6" coveredelements="4"/>
    </file>
    <file name="C:\Users\janoszen\Documents\NetBeansProjects\Alternative-Class-Repository\src\PHP\Net\INETAddressTypeError.php">
      <class name="INETAddressTypeError" namespace="global">
        <metrics methods="1" coveredmethods="1" conditionals="0" coveredconditionals="0" statements="2" coveredstatements="2" elements="3" coveredelements="3"/>
      </class>
      <line num="16" type="method" name="__construct" crap="1" count="1"/>
      <line num="17" type="stmt" count="1"/>
      <line num="18" type="stmt" count="1"/>
      <metrics loc="19" ncloc="12" classes="1" methods="1" coveredmethods="1" conditionals="0" coveredconditionals="0" statements="2" coveredstatements="2" elements="3" coveredelements="3"/>
    </file>
    <file name="C:\Users\janoszen\Documents\NetBeansProjects\Alternative-Class-Repository\src\PHP\Net\INETInvalidMask.php">
      <class name="INETInvalidMask" namespace="global">
        <metrics methods="2" coveredmethods="1" conditionals="0" coveredconditionals="0" statements="4" coveredstatements="3" elements="6" coveredelements="4"/>
      </class>
      <line num="22" type="method" name="__construct" crap="1" count="3"/>
      <line num="23" type="stmt" count="3"/>
      <line num="24" type="stmt" count="3"/>
      <line num="25" type="stmt" count="3"/>
      <line num="31" type="method" name="getMask" crap="2" count="0"/>
      <line num="32" type="stmt" count="0"/>
      <metrics loc="34" ncloc="19" classes="1" methods="2" coveredmethods="1" conditionals="0" coveredconditionals="0" statements="4" coveredstatements="3" elements="6" coveredelements="4"/>
    </file>
    <file name="C:\Users\janoszen\Documents\NetBeansProjects\Alternative-Class-Repository\src\PHP\Net\INETRange.php">
      <class name="INETRange" namespace="global">
        <metrics methods="2" coveredmethods="2" conditionals="0" coveredconditionals="0" statements="9" coveredstatements="8" elements="11" coveredelements="10"/>
      </class>
      <line num="35" type="method" name="__construct" crap="1" count="3"/>
      <line num="36" type="stmt" count="3"/>
      <line num="37" type="stmt" count="3"/>
      <line num="38" type="stmt" count="3"/>
      <line num="39" type="stmt" count="3"/>
      <line num="47" type="method" name="containsAddress" crap="3.07" count="4"/>
      <line num="48" type="stmt" count="4"/>
      <line num="49" type="stmt" count="0"/>
      <line num="51" type="stmt" count="4"/>
      <line num="52" type="stmt" count="4"/>
      <line num="54" type="stmt" count="4"/>
      <metrics loc="57" ncloc="30" classes="1" methods="2" coveredmethods="2" conditionals="0" coveredconditionals="0" statements="9" coveredstatements="8" elements="11" coveredelements="10"/>
    </file>
    <file name="C:\Users\janoszen\Documents\NetBeansProjects\Alternative-Class-Repository\src\PHP\Net\INETUnknownHost.php">
      <class name="INETUnknownHost" namespace="global">
        <metrics methods="2" coveredmethods="0" conditionals="0" coveredconditionals="0" statements="4" coveredstatements="0" elements="6" coveredelements="0"/>
      </class>
      <line num="23" type="method" name="__construct" crap="2" count="0"/>
      <line num="24" type="stmt" count="0"/>
      <line num="25" type="stmt" count="0"/>
      <line num="26" type="stmt" count="0"/>
      <line num="32" type="method" name="getAddress" crap="2" count="0"/>
      <line num="33" type="stmt" count="0"/>
      <metrics loc="35" ncloc="19" classes="1" methods="2" coveredmethods="0" conditionals="0" coveredconditionals="0" statements="4" coveredstatements="0" elements="6" coveredelements="0"/>
    </file>
    <file name="C:\Users\janoszen\Documents\NetBeansProjects\Alternative-Class-Repository\src\PHP\Util\ArrayObject.php">
      <class name="ArrayObject" namespace="global">
        <metrics methods="22" coveredmethods="0" conditionals="0" coveredconditionals="0" statements="73" coveredstatements="0" elements="95" coveredelements="0"/>
      </class>
      <line num="15" type="stmt" count="1"/>
      <line num="29" type="method" name="keyCheck" crap="2" count="0"/>
      <line num="38" type="method" name="typeCheck" crap="2" count="0"/>
      <line num="40" type="stmt" count="0"/>
      <line num="48" type="method" name="count" crap="2" count="0"/>
      <line num="49" type="stmt" count="0"/>
      <line num="62" type="method" name="offsetExists" crap="6" count="0"/>
      <line num="63" type="stmt" count="0"/>
      <line num="64" type="stmt" count="0"/>
      <line num="65" type="stmt" count="0"/>
      <line num="67" type="stmt" count="0"/>
      <line num="81" type="method" name="offsetGet" crap="6" count="0"/>
      <line num="82" type="stmt" count="0"/>
      <line num="83" type="stmt" count="0"/>
      <line num="84" type="stmt" count="0"/>
      <line num="86" type="stmt" count="0"/>
      <line num="97" type="method" name="offsetSet" crap="6" count="0"/>
      <line num="98" type="stmt" count="0"/>
      <line num="99" type="stmt" count="0"/>
      <line num="100" type="stmt" count="0"/>
      <line num="101" type="stmt" count="0"/>
      <line num="102" type="stmt" count="0"/>
      <line num="103" type="stmt" count="0"/>
      <line num="105" type="stmt" count="0"/>
      <line num="115" type="method" name="offsetUnset" crap="6" count="0"/>
      <line num="116" type="stmt" count="0"/>
      <line num="117" type="stmt" count="0"/>
      <line num="118" type="stmt" count="0"/>
      <line num="119" type="stmt" count="0"/>
      <line num="121" type="stmt" count="0"/>
      <line num="132" type="method" name="current" crap="6" count="0"/>
      <line num="133" type="stmt" count="0"/>
      <line num="134" type="stmt" count="0"/>
      <line num="136" type="stmt" count="0"/>
      <line num="146" type="method" name="key" crap="2" count="0"/>
      <line num="147" type="stmt" count="0"/>
      <line num="158" type="method" name="next" crap="6" count="0"/>
      <line num="159" type="stmt" count="0"/>
      <line num="160" type="stmt" count="0"/>
      <line num="161" type="stmt" count="0"/>
      <line num="163" type="stmt" count="0"/>
      <line num="173" type="method" name="rewind" crap="6" count="0"/>
      <line num="174" type="stmt" count="0"/>
      <line num="175" type="stmt" count="0"/>
      <line num="177" type="stmt" count="0"/>
      <line num="187" type="method" name="valid" crap="6" count="0"/>
      <line num="188" type="stmt" count="0"/>
      <line num="189" type="stmt" count="0"/>
      <line num="191" type="stmt" count="0"/>
      <line num="200" type="method" name="serialize" crap="2" count="0"/>
      <line num="201" type="stmt" count="0"/>
      <line num="209" type="method" name="unserialize" crap="2" count="0"/>
      <line num="210" type="stmt" count="0"/>
      <line num="211" type="stmt" count="0"/>
      <line num="220" type="method" name="add" crap="2" count="0"/>
      <line num="221" type="stmt" count="0"/>
      <line num="222" type="stmt" count="0"/>
      <line num="223" type="stmt" count="0"/>
      <line num="236" type="method" name="addAll" crap="12" count="0"/>
      <line num="240" type="stmt" count="0"/>
      <line num="241" type="stmt" count="0"/>
      <line num="242" type="stmt" count="0"/>
      <line num="243" type="stmt" count="0"/>
      <line num="244" type="stmt" count="0"/>
      <line num="245" type="stmt" count="0"/>
      <line num="246" type="stmt" count="0"/>
      <line num="252" type="method" name="clear" crap="2" count="0"/>
      <line num="253" type="stmt" count="0"/>
      <line num="254" type="stmt" count="0"/>
      <line num="261" type="method" name="contains" crap="2" count="0"/>
      <line num="262" type="stmt" count="0"/>
      <line num="273" type="method" name="containsAll" crap="12" count="0"/>
      <line num="274" type="stmt" count="0"/>
      <line num="275" type="stmt" count="0"/>
      <line num="276" type="stmt" count="0"/>
      <line num="278" type="stmt" count="0"/>
      <line num="279" type="stmt" count="0"/>
      <line num="289" type="method" name="remove" crap="6" count="0"/>
      <line num="290" type="stmt" count="0"/>
      <line num="291" type="stmt" count="0"/>
      <line num="292" type="stmt" count="0"/>
      <line num="294" type="stmt" count="0"/>
      <line num="295" type="stmt" count="0"/>
      <line num="306" type="method" name="removeAll" crap="6" count="0"/>
      <line num="307" type="stmt" count="0"/>
      <line num="308" type="stmt" count="0"/>
      <line num="309" type="stmt" count="0"/>
      <line num="310" type="stmt" count="0"/>
      <line num="320" type="method" name="retainAll" crap="12" count="0"/>
      <line num="321" type="stmt" count="0"/>
      <line num="322" type="stmt" count="0"/>
      <line num="323" type="stmt" count="0"/>
      <line num="324" type="stmt" count="0"/>
      <line num="325" type="stmt" count="0"/>
      <line num="326" type="stmt" count="0"/>
      <line num="328" type="stmt" count="1"/>
      <metrics loc="327" ncloc="158" classes="1" methods="22" coveredmethods="0" conditionals="0" coveredconditionals="0" statements="75" coveredstatements="2" elements="97" coveredelements="2"/>
    </file>
    <file name="C:\Users\janoszen\Documents\NetBeansProjects\Alternative-Class-Repository\src\PHP\Util\Collection.php">
      <class name="Collection" namespace="global">
        <metrics methods="1" coveredmethods="0" conditionals="0" coveredconditionals="0" statements="3" coveredstatements="0" elements="4" coveredelements="0"/>
      </class>
      <line num="5" type="stmt" count="1"/>
      <line num="6" type="stmt" count="1"/>
      <line num="17" type="stmt" count="1"/>
      <line num="25" type="method" name="keyCheck" crap="6" count="0"/>
      <line num="26" type="stmt" count="0"/>
      <line num="27" type="stmt" count="0"/>
      <line num="29" type="stmt" count="0"/>
      <line num="31" type="stmt" count="1"/>
      <metrics loc="30" ncloc="14" classes="1" methods="1" coveredmethods="0" conditionals="0" coveredconditionals="0" statements="7" coveredstatements="4" elements="8" coveredelements="4"/>
    </file>
    <file name="C:\Users\janoszen\Documents\NetBeansProjects\Alternative-Class-Repository\src\PHP\Util\Map.php">
      <class name="Map" namespace="global">
        <metrics methods="1" coveredmethods="0" conditionals="0" coveredconditionals="0" statements="3" coveredstatements="0" elements="4" coveredelements="0"/>
      </class>
      <line num="5" type="stmt" count="1"/>
      <line num="6" type="stmt" count="1"/>
      <line num="17" type="stmt" count="1"/>
      <line num="25" type="method" name="keyCheck" crap="6" count="0"/>
      <line num="26" type="stmt" count="0"/>
      <line num="27" type="stmt" count="0"/>
      <line num="29" type="stmt" count="0"/>
      <line num="31" type="stmt" count="1"/>
      <metrics loc="30" ncloc="14" classes="1" methods="1" coveredmethods="0" conditionals="0" coveredconditionals="0" statements="7" coveredstatements="4" elements="8" coveredelements="4"/>
    </file>
    <file name="C:\Users\janoszen\Documents\NetBeansProjects\Alternative-Class-Repository\src\PHP\Util\Random.php">
      <class name="Random" namespace="global">
        <metrics methods="2" coveredmethods="0" conditionals="0" coveredconditionals="0" statements="20" coveredstatements="0" elements="22" coveredelements="0"/>
      </class>
      <line num="24" type="method" name="pseudoNumber" crap="20" count="0"/>
      <line num="25" type="stmt" count="0"/>
      <line num="26" type="stmt" count="0"/>
      <line num="28" type="stmt" count="0"/>
      <line num="29" type="stmt" count="0"/>
      <line num="31" type="stmt" count="0"/>
      <line num="32" type="stmt" count="0"/>
      <line num="33" type="stmt" count="0"/>
      <line num="34" type="stmt" count="0"/>
      <line num="35" type="stmt" count="0"/>
      <line num="36" type="stmt" count="0"/>
      <line num="38" type="stmt" count="0"/>
      <line num="50" type="method" name="pseudoString" crap="20" count="0"/>
      <line num="51" type="stmt" count="0"/>
      <line num="52" type="stmt" count="0"/>
      <line num="54" type="stmt" count="0"/>
      <line num="55" type="stmt" count="0"/>
      <line num="57" type="stmt" count="0"/>
      <line num="58" type="stmt" count="0"/>
      <line num="59" type="stmt" count="0"/>
      <line num="60" type="stmt" count="0"/>
      <line num="61" type="stmt" count="0"/>
      <metrics loc="63" ncloc="39" classes="1" methods="2" coveredmethods="0" conditionals="0" coveredconditionals="0" statements="20" coveredstatements="0" elements="22" coveredelements="0"/>
    </file>
    <file name="C:\Users\janoszen\Documents\NetBeansProjects\Alternative-Class-Repository\tests\ClassLoaderInstanceTestClass.php">
      <class name="ClassLoaderInstanceTestClass" namespace="global">
        <metrics methods="1" coveredmethods="1" conditionals="0" coveredconditionals="0" statements="1" coveredstatements="1" elements="2" coveredelements="2"/>
      </class>
      <line num="0" type="stmt" count="2"/>
      <line num="6" type="stmt" count="1"/>
      <line num="10" type="method" name="__construct" crap="1" count="2"/>
      <line num="12" type="stmt" count="2"/>
      <line num="13" type="stmt" count="1"/>
      <metrics loc="12" ncloc="6" classes="1" methods="1" coveredmethods="1" conditionals="0" coveredconditionals="0" statements="4" coveredstatements="4" elements="5" coveredelements="5"/>
    </file>
    <file name="C:\Users\janoszen\Documents\NetBeansProjects\Alternative-Class-Repository\tests\ClassLoaderTestNamespace\NamespaceTestClass.php">
      <class name="NamespaceTestClass" namespace="global">
        <metrics methods="0" coveredmethods="0" conditionals="0" coveredconditionals="0" statements="0" coveredstatements="0" elements="0" coveredelements="0"/>
      </class>
      <line num="8" type="stmt" count="1"/>
      <line num="11" type="stmt" count="1"/>
      <metrics loc="10" ncloc="7" classes="1" methods="0" coveredmethods="0" conditionals="0" coveredconditionals="0" statements="2" coveredstatements="2" elements="2" coveredelements="2"/>
    </file>
    <file name="C:\Users\janoszen\Documents\NetBeansProjects\Alternative-Class-Repository\tests\PHP\Net\INET6AddressTest.php">
      <class name="INET6AddressTest" namespace="global">
        <metrics methods="14" coveredmethods="0" conditionals="0" coveredconditionals="0" statements="111" coveredstatements="0" elements="125" coveredelements="0"/>
      </class>
      <line num="14" type="method" name="testValidAddress" crap="2" count="0"/>
      <line num="15" type="stmt" count="0"/>
      <line num="16" type="stmt" count="0"/>
      <line num="17" type="stmt" count="0"/>
      <line num="18" type="stmt" count="0"/>
      <line num="19" type="stmt" count="0"/>
      <line num="20" type="stmt" count="0"/>
      <line num="21" type="stmt" count="0"/>
      <line num="22" type="stmt" count="0"/>
      <line num="23" type="stmt" count="0"/>
      <line num="24" type="stmt" count="0"/>
      <line num="25" type="stmt" count="0"/>
      <line num="26" type="stmt" count="0"/>
      <line num="27" type="stmt" count="0"/>
      <line num="28" type="stmt" count="0"/>
      <line num="29" type="stmt" count="0"/>
      <line num="30" type="stmt" count="0"/>
      <line num="35" type="method" name="testGetAsBinary" crap="2" count="0"/>
      <line num="36" type="stmt" count="0"/>
      <line num="37" type="stmt" count="0"/>
      <line num="38" type="stmt" count="0"/>
      <line num="39" type="stmt" count="0"/>
      <line num="40" type="stmt" count="0"/>
      <line num="41" type="stmt" count="0"/>
      <line num="42" type="stmt" count="0"/>
      <line num="43" type="stmt" count="0"/>
      <line num="48" type="method" name="testTypeBinaryMask" crap="2" count="0"/>
      <line num="49" type="stmt" count="0"/>
      <line num="50" type="stmt" count="0"/>
      <line num="51" type="stmt" count="0"/>
      <line num="52" type="stmt" count="0"/>
      <line num="53" type="stmt" count="0"/>
      <line num="58" type="method" name="testTooSmallBinaryMask" crap="2" count="0"/>
      <line num="59" type="stmt" count="0"/>
      <line num="60" type="stmt" count="0"/>
      <line num="61" type="stmt" count="0"/>
      <line num="62" type="stmt" count="0"/>
      <line num="63" type="stmt" count="0"/>
      <line num="68" type="method" name="testTooLargeBinaryMask" crap="2" count="0"/>
      <line num="69" type="stmt" count="0"/>
      <line num="70" type="stmt" count="0"/>
      <line num="71" type="stmt" count="0"/>
      <line num="72" type="stmt" count="0"/>
      <line num="73" type="stmt" count="0"/>
      <line num="78" type="method" name="testInvalidAddress" crap="2" count="0"/>
      <line num="79" type="stmt" count="0"/>
      <line num="80" type="stmt" count="0"/>
      <line num="81" type="stmt" count="0"/>
      <line num="82" type="stmt" count="0"/>
      <line num="87" type="method" name="testInvalidFormatAddress" crap="2" count="0"/>
      <line num="88" type="stmt" count="0"/>
      <line num="89" type="stmt" count="0"/>
      <line num="90" type="stmt" count="0"/>
      <line num="91" type="stmt" count="0"/>
      <line num="96" type="method" name="testEquals" crap="2" count="0"/>
      <line num="97" type="stmt" count="0"/>
      <line num="98" type="stmt" count="0"/>
      <line num="99" type="stmt" count="0"/>
      <line num="100" type="stmt" count="0"/>
      <line num="101" type="stmt" count="0"/>
      <line num="102" type="stmt" count="0"/>
      <line num="103" type="stmt" count="0"/>
      <line num="104" type="stmt" count="0"/>
      <line num="105" type="stmt" count="0"/>
      <line num="110" type="method" name="testCompareTo" crap="2" count="0"/>
      <line num="111" type="stmt" count="0"/>
      <line num="112" type="stmt" count="0"/>
      <line num="113" type="stmt" count="0"/>
      <line num="114" type="stmt" count="0"/>
      <line num="115" type="stmt" count="0"/>
      <line num="116" type="stmt" count="0"/>
      <line num="117" type="stmt" count="0"/>
      <line num="118" type="stmt" count="0"/>
      <line num="119" type="stmt" count="0"/>
      <line num="124" type="method" name="testInvalidCompareTo" crap="2" count="0"/>
      <line num="125" type="stmt" count="0"/>
      <line num="126" type="stmt" count="0"/>
      <line num="127" type="stmt" count="0"/>
      <line num="128" type="stmt" count="0"/>
      <line num="129" type="stmt" count="0"/>
      <line num="130" type="stmt" count="0"/>
      <line num="135" type="method" name="testUnicast" crap="2" count="0"/>
      <line num="136" type="stmt" count="0"/>
      <line num="137" type="stmt" count="0"/>
      <line num="138" type="stmt" count="0"/>
      <line num="139" type="stmt" count="0"/>
      <line num="140" type="stmt" count="0"/>
      <line num="141" type="stmt" count="0"/>
      <line num="142" type="stmt" count="0"/>
      <line num="143" type="stmt" count="0"/>
      <line num="144" type="stmt" count="0"/>
      <line num="145" type="stmt" count="0"/>
      <line num="146" type="stmt" count="0"/>
      <line num="151" type="method" name="testMulticast" crap="2" count="0"/>
      <line num="152" type="stmt" count="0"/>
      <line num="153" type="stmt" count="0"/>
      <line num="154" type="stmt" count="0"/>
      <line num="155" type="stmt" count="0"/>
      <line num="156" type="stmt" count="0"/>
      <line num="157" type="stmt" count="0"/>
      <line num="158" type="stmt" count="0"/>
      <line num="163" type="method" name="testLoopback" crap="2" count="0"/>
      <line num="164" type="stmt" count="0"/>
      <line num="165" type="stmt" count="0"/>
      <line num="166" type="stmt" count="0"/>
      <line num="167" type="stmt" count="0"/>
      <line num="168" type="stmt" count="0"/>
      <line num="169" type="stmt" count="0"/>
      <line num="170" type="stmt" count="0"/>
      <line num="189" type="method" name="testGloballyRoutable" crap="12" count="0"/>
      <line num="191" type="stmt" count="0"/>
      <line num="192" type="stmt" count="0"/>
      <line num="193" type="stmt" count="0"/>
      <line num="194" type="stmt" count="0"/>
      <line num="195" type="stmt" count="0"/>
      <line num="196" type="stmt" count="0"/>
      <line num="197" type="stmt" count="0"/>
      <line num="198" type="stmt" count="0"/>
      <line num="199" type="stmt" count="0"/>
      <line num="200" type="stmt" count="0"/>
      <line num="201" type="stmt" count="0"/>
      <line num="202" type="stmt" count="0"/>
      <line num="203" type="stmt" count="0"/>
      <line num="204" type="stmt" count="0"/>
      <line num="205" type="stmt" count="0"/>
      <metrics loc="206" ncloc="147" classes="1" methods="14" coveredmethods="0" conditionals="0" coveredconditionals="0" statements="111" coveredstatements="0" elements="125" coveredelements="0"/>
    </file>
    <file name="C:\Users\janoszen\Documents\NetBeansProjects\Alternative-Class-Repository\tests\PHP\Net\INETAddressFormatErrorTest.php">
      <class name="INETAddressFormatErrorTest" namespace="global">
        <metrics methods="1" coveredmethods="0" conditionals="0" coveredconditionals="0" statements="9" coveredstatements="0" elements="10" coveredelements="0"/>
      </class>
      <line num="14" type="method" name="testAddress" crap="20" count="0"/>
      <line num="16" type="stmt" count="0"/>
      <line num="17" type="stmt" count="0"/>
      <line num="18" type="stmt" count="0"/>
      <line num="19" type="stmt" count="0"/>
      <line num="20" type="stmt" count="0"/>
      <line num="21" type="stmt" count="0"/>
      <line num="23" type="stmt" count="0"/>
      <line num="24" type="stmt" count="0"/>
      <line num="26" type="stmt" count="0"/>
      <metrics loc="27" ncloc="21" classes="1" methods="1" coveredmethods="0" conditionals="0" coveredconditionals="0" statements="9" coveredstatements="0" elements="10" coveredelements="0"/>
    </file>
    <file name="C:\Users\janoszen\Documents\NetBeansProjects\Alternative-Class-Repository\tests\PHP\Net\INETInvalidMaskTest.php">
      <class name="INETInvalidMaskTest" namespace="global">
        <metrics methods="1" coveredmethods="0" conditionals="0" coveredconditionals="0" statements="9" coveredstatements="0" elements="10" coveredelements="0"/>
      </class>
      <line num="14" type="method" name="testAddress" crap="20" count="0"/>
      <line num="16" type="stmt" count="0"/>
      <line num="17" type="stmt" count="0"/>
      <line num="18" type="stmt" count="0"/>
      <line num="19" type="stmt" count="0"/>
      <line num="20" type="stmt" count="0"/>
      <line num="21" type="stmt" count="0"/>
      <line num="23" type="stmt" count="0"/>
      <line num="24" type="stmt" count="0"/>
      <line num="26" type="stmt" count="0"/>
      <metrics loc="27" ncloc="21" classes="1" methods="1" coveredmethods="0" conditionals="0" coveredconditionals="0" statements="9" coveredstatements="0" elements="10" coveredelements="0"/>
    </file>
    <file name="C:\Users\janoszen\Documents\NetBeansProjects\Alternative-Class-Repository\tests\PHP\Net\INETRangeTest.php">
      <class name="INETRangeTest" namespace="global">
        <metrics methods="5" coveredmethods="0" conditionals="0" coveredconditionals="0" statements="35" coveredstatements="0" elements="40" coveredelements="0"/>
      </class>
      <line num="14" type="method" name="testValidRangeAssignment" crap="2" count="0"/>
      <line num="15" type="stmt" count="0"/>
      <line num="16" type="stmt" count="0"/>
      <line num="17" type="stmt" count="0"/>
      <line num="22" type="method" name="testIPv4InRange" crap="2" count="0"/>
      <line num="23" type="stmt" count="0"/>
      <line num="24" type="stmt" count="0"/>
      <line num="25" type="stmt" count="0"/>
      <line num="26" type="stmt" count="0"/>
      <line num="27" type="stmt" count="0"/>
      <line num="28" type="stmt" count="0"/>
      <line num="29" type="stmt" count="0"/>
      <line num="30" type="stmt" count="0"/>
      <line num="31" type="stmt" count="0"/>
      <line num="32" type="stmt" count="0"/>
      <line num="33" type="stmt" count="0"/>
      <line num="38" type="method" name="testIPv6InRange" crap="2" count="0"/>
      <line num="39" type="stmt" count="0"/>
      <line num="40" type="stmt" count="0"/>
      <line num="41" type="stmt" count="0"/>
      <line num="42" type="stmt" count="0"/>
      <line num="43" type="stmt" count="0"/>
      <line num="44" type="stmt" count="0"/>
      <line num="45" type="stmt" count="0"/>
      <line num="46" type="stmt" count="0"/>
      <line num="47" type="stmt" count="0"/>
      <line num="48" type="stmt" count="0"/>
      <line num="49" type="stmt" count="0"/>
      <line num="54" type="method" name="testAddressIPv4Compability" crap="2" count="0"/>
      <line num="55" type="stmt" count="0"/>
      <line num="56" type="stmt" count="0"/>
      <line num="57" type="stmt" count="0"/>
      <line num="58" type="stmt" count="0"/>
      <line num="59" type="stmt" count="0"/>
      <line num="64" type="method" name="testAddressIPv6Compability" crap="2" count="0"/>
      <line num="65" type="stmt" count="0"/>
      <line num="66" type="stmt" count="0"/>
      <line num="67" type="stmt" count="0"/>
      <line num="68" type="stmt" count="0"/>
      <line num="69" type="stmt" count="0"/>
      <metrics loc="70" ncloc="52" classes="1" methods="5" coveredmethods="0" conditionals="0" coveredconditionals="0" statements="35" coveredstatements="0" elements="40" coveredelements="0"/>
    </file>
    <file name="C:\Users\janoszen\Documents\NetBeansProjects\Alternative-Class-Repository\tests\PHP\Net\INETUnknownHostTest.php">
      <class name="INETUnknownHostTest" namespace="global">
        <metrics methods="1" coveredmethods="0" conditionals="0" coveredconditionals="0" statements="9" coveredstatements="0" elements="10" coveredelements="0"/>
      </class>
      <line num="14" type="method" name="testAddress" crap="20" count="0"/>
      <line num="16" type="stmt" count="0"/>
      <line num="17" type="stmt" count="0"/>
      <line num="18" type="stmt" count="0"/>
      <line num="19" type="stmt" count="0"/>
      <line num="20" type="stmt" count="0"/>
      <line num="21" type="stmt" count="0"/>
      <line num="23" type="stmt" count="0"/>
      <line num="24" type="stmt" count="0"/>
      <line num="26" type="stmt" count="0"/>
      <metrics loc="27" ncloc="21" classes="1" methods="1" coveredmethods="0" conditionals="0" coveredconditionals="0" statements="9" coveredstatements="0" elements="10" coveredelements="0"/>
    </file>
    <file name="C:\Users\janoszen\Documents\NetBeansProjects\Alternative-Class-Repository\tests\TestClassWithCallback.php">
      <class name="TestClassWithCallback" namespace="global">
        <metrics methods="2" coveredmethods="2" conditionals="0" coveredconditionals="0" statements="3" coveredstatements="3" elements="5" coveredelements="5"/>
      </class>
      <line num="6" type="stmt" count="1"/>
      <line num="15" type="method" name="onClassLoaded" crap="1" count="1"/>
      <line num="16" type="stmt" count="1"/>
      <line num="17" type="stmt" count="1"/>
      <line num="22" type="method" name="getHadCallback" crap="1" count="1"/>
      <line num="23" type="stmt" count="1"/>
      <line num="26" type="stmt" count="1"/>
      <metrics loc="25" ncloc="11" classes="1" methods="2" coveredmethods="2" conditionals="0" coveredconditionals="0" statements="5" coveredstatements="5" elements="7" coveredelements="7"/>
    </file>
    <metrics files="33" loc="3249" ncloc="1807" classes="33" methods="174" coveredmethods="69" conditionals="0" coveredconditionals="0" statements="889" coveredstatements="307" elements="1063" coveredelements="376"/>
  </project>
</coverage>
