<?xml version="1.0" encoding="UTF-8"?>
<coverage generated="1308088776">
  <project timestamp="1308088776">
    <file name="C:\Program Files (x86)\PHP\PEAR\File\Iterator.php">
      <class name="File_Iterator" namespace="global" fullPackage="File">
        <metrics methods="6" coveredmethods="0" conditionals="0" coveredconditionals="0" statements="45" coveredstatements="0" elements="51" coveredelements="0"/>
      </class>
      <line num="87" type="method" name="__construct" crap="20" count="0"/>
      <line num="89" type="stmt" count="0"/>
      <line num="91" type="stmt" count="0"/>
      <line num="92" type="stmt" count="0"/>
      <line num="93" type="stmt" count="0"/>
      <line num="95" type="stmt" count="0"/>
      <line num="96" type="stmt" count="0"/>
      <line num="97" type="stmt" count="0"/>
      <line num="98" type="stmt" count="0"/>
      <line num="99" type="stmt" count="0"/>
      <line num="100" type="stmt" count="0"/>
      <line num="103" type="stmt" count="0"/>
      <line num="104" type="stmt" count="0"/>
      <line num="105" type="stmt" count="0"/>
      <line num="106" type="stmt" count="0"/>
      <line num="108" type="stmt" count="0"/>
      <line num="109" type="stmt" count="0"/>
      <line num="114" type="method" name="accept" crap="30" count="0"/>
      <line num="116" type="stmt" count="0"/>
      <line num="117" type="stmt" count="0"/>
      <line num="118" type="stmt" count="0"/>
      <line num="120" type="stmt" count="0"/>
      <line num="121" type="stmt" count="0"/>
      <line num="122" type="stmt" count="0"/>
      <line num="125" type="stmt" count="0"/>
      <line num="126" type="stmt" count="0"/>
      <line num="129" type="stmt" count="0"/>
      <line num="130" type="stmt" count="0"/>
      <line num="131" type="stmt" count="0"/>
      <line num="139" type="method" name="acceptPath" crap="12" count="0"/>
      <line num="141" type="stmt" count="0"/>
      <line num="142" type="stmt" count="0"/>
      <line num="143" type="stmt" count="0"/>
      <line num="145" type="stmt" count="0"/>
      <line num="147" type="stmt" count="0"/>
      <line num="155" type="method" name="acceptPrefix" crap="2" count="0"/>
      <line num="157" type="stmt" count="0"/>
      <line num="165" type="method" name="acceptSuffix" crap="2" count="0"/>
      <line num="167" type="stmt" count="0"/>
      <line num="177" type="method" name="acceptSubString" crap="56" count="0"/>
      <line num="179" type="stmt" count="0"/>
      <line num="180" type="stmt" count="0"/>
      <line num="183" type="stmt" count="0"/>
      <line num="185" type="stmt" count="0"/>
      <line num="186" type="stmt" count="0"/>
      <line num="187" type="stmt" count="0"/>
      <line num="188" type="stmt" count="0"/>
      <line num="189" type="stmt" count="0"/>
      <line num="190" type="stmt" count="0"/>
      <line num="192" type="stmt" count="0"/>
      <line num="194" type="stmt" count="0"/>
      <metrics loc="197" ncloc="99" classes="1" methods="6" coveredmethods="0" conditionals="0" coveredconditionals="0" statements="45" coveredstatements="0" elements="51" coveredelements="0"/>
    </file>
    <file name="C:\Program Files (x86)\PHP\PEAR\File\Iterator\Factory.php">
      <class name="File_Iterator_Factory" namespace="global" fullPackage="File.Iterator">
        <metrics methods="2" coveredmethods="0" conditionals="0" coveredconditionals="0" statements="56" coveredstatements="0" elements="58" coveredelements="0"/>
      </class>
      <line num="67" type="method" name="getFileIterator" crap="110" count="0"/>
      <line num="69" type="stmt" count="0"/>
      <line num="70" type="stmt" count="0"/>
      <line num="71" type="stmt" count="0"/>
      <line num="73" type="stmt" count="0"/>
      <line num="75" type="stmt" count="0"/>
      <line num="76" type="stmt" count="0"/>
      <line num="77" type="stmt" count="0"/>
      <line num="78" type="stmt" count="0"/>
      <line num="79" type="stmt" count="0"/>
      <line num="81" type="stmt" count="0"/>
      <line num="83" type="stmt" count="0"/>
      <line num="84" type="stmt" count="0"/>
      <line num="86" type="stmt" count="0"/>
      <line num="87" type="stmt" count="0"/>
      <line num="88" type="stmt" count="0"/>
      <line num="89" type="stmt" count="0"/>
      <line num="90" type="stmt" count="0"/>
      <line num="92" type="stmt" count="0"/>
      <line num="94" type="stmt" count="0"/>
      <line num="95" type="stmt" count="0"/>
      <line num="96" type="stmt" count="0"/>
      <line num="97" type="stmt" count="0"/>
      <line num="98" type="stmt" count="0"/>
      <line num="100" type="stmt" count="0"/>
      <line num="102" type="stmt" count="0"/>
      <line num="104" type="stmt" count="0"/>
      <line num="105" type="stmt" count="0"/>
      <line num="106" type="stmt" count="0"/>
      <line num="107" type="stmt" count="0"/>
      <line num="108" type="stmt" count="0"/>
      <line num="109" type="stmt" count="0"/>
      <line num="110" type="stmt" count="0"/>
      <line num="111" type="stmt" count="0"/>
      <line num="112" type="stmt" count="0"/>
      <line num="113" type="stmt" count="0"/>
      <line num="115" type="stmt" count="0"/>
      <line num="116" type="stmt" count="0"/>
      <line num="117" type="stmt" count="0"/>
      <line num="118" type="stmt" count="0"/>
      <line num="120" type="stmt" count="0"/>
      <line num="130" type="method" name="getFilesAsArray" crap="30" count="0"/>
      <line num="132" type="stmt" count="0"/>
      <line num="133" type="stmt" count="0"/>
      <line num="134" type="stmt" count="0"/>
      <line num="136" type="stmt" count="0"/>
      <line num="138" type="stmt" count="0"/>
      <line num="139" type="stmt" count="0"/>
      <line num="140" type="stmt" count="0"/>
      <line num="142" type="stmt" count="0"/>
      <line num="143" type="stmt" count="0"/>
      <line num="144" type="stmt" count="0"/>
      <line num="146" type="stmt" count="0"/>
      <line num="147" type="stmt" count="0"/>
      <line num="148" type="stmt" count="0"/>
      <line num="149" type="stmt" count="0"/>
      <line num="150" type="stmt" count="0"/>
      <line num="152" type="stmt" count="0"/>
      <metrics loc="155" ncloc="88" classes="1" methods="2" coveredmethods="0" conditionals="0" coveredconditionals="0" statements="56" coveredstatements="0" elements="58" coveredelements="0"/>
    </file>
    <file name="C:\Program Files (x86)\PHP\PEAR\Text\Template.php">
      <class name="Text_Template" namespace="global" fullPackage="Template" category="Text" package="Template">
        <metrics methods="5" coveredmethods="0" conditionals="0" coveredconditionals="0" statements="29" coveredstatements="0" elements="34" coveredelements="0"/>
      </class>
      <line num="76" type="method" name="__construct" crap="2" count="0"/>
      <line num="78" type="stmt" count="0"/>
      <line num="79" type="stmt" count="0"/>
      <line num="87" type="method" name="setFile" crap="12" count="0"/>
      <line num="89" type="stmt" count="0"/>
      <line num="91" type="stmt" count="0"/>
      <line num="92" type="stmt" count="0"/>
      <line num="93" type="stmt" count="0"/>
      <line num="95" type="stmt" count="0"/>
      <line num="96" type="stmt" count="0"/>
      <line num="97" type="stmt" count="0"/>
      <line num="100" type="stmt" count="0"/>
      <line num="102" type="stmt" count="0"/>
      <line num="104" type="stmt" count="0"/>
      <line num="112" type="method" name="setVar" crap="12" count="0"/>
      <line num="114" type="stmt" count="0"/>
      <line num="115" type="stmt" count="0"/>
      <line num="116" type="stmt" count="0"/>
      <line num="117" type="stmt" count="0"/>
      <line num="119" type="stmt" count="0"/>
      <line num="126" type="method" name="render" crap="6" count="0"/>
      <line num="128" type="stmt" count="0"/>
      <line num="130" type="stmt" count="0"/>
      <line num="131" type="stmt" count="0"/>
      <line num="132" type="stmt" count="0"/>
      <line num="134" type="stmt" count="0"/>
      <line num="142" type="method" name="renderTo" crap="6" count="0"/>
      <line num="144" type="stmt" count="0"/>
      <line num="146" type="stmt" count="0"/>
      <line num="147" type="stmt" count="0"/>
      <line num="148" type="stmt" count="0"/>
      <line num="149" type="stmt" count="0"/>
      <line num="150" type="stmt" count="0"/>
      <line num="152" type="stmt" count="0"/>
      <metrics loc="153" ncloc="64" classes="1" methods="5" coveredmethods="0" conditionals="0" coveredconditionals="0" statements="29" coveredstatements="0" elements="34" coveredelements="0"/>
    </file>
    <file name="C:\Users\janoszen\Documents\NetBeansProjects\Alternative-Class-Repository\src\ClassLoader.php">
      <class name="ClassLoader" namespace="global">
        <metrics methods="11" coveredmethods="7" conditionals="0" coveredconditionals="0" statements="88" coveredstatements="77" elements="99" coveredelements="84"/>
      </class>
      <line num="0" type="stmt" count="1"/>
      <line num="73" type="method" name="setClassPath" crap="6" count="0"/>
      <line num="74" type="stmt" count="0"/>
      <line num="75" type="stmt" count="0"/>
      <line num="76" type="stmt" count="0"/>
      <line num="77" type="stmt" count="0"/>
      <line num="79" type="stmt" count="0"/>
      <line num="87" type="method" name="setImportedFiles" crap="2" count="0"/>
      <line num="88" type="stmt" count="0"/>
      <line num="89" type="stmt" count="0"/>
      <line num="97" type="method" name="hasLoadCallback" crap="3" count="4"/>
      <line num="98" type="stmt" count="4"/>
      <line num="99" type="stmt" count="4"/>
      <line num="100" type="stmt" count="4"/>
      <line num="101" type="stmt" count="4"/>
      <line num="102" type="stmt" count="1"/>
      <line num="104" type="stmt" count="3"/>
      <line num="112" type="method" name="callbackClass" crap="2" count="4"/>
      <line num="113" type="stmt" count="4"/>
      <line num="114" type="stmt" count="1"/>
      <line num="115" type="stmt" count="1"/>
      <line num="116" type="stmt" count="4"/>
      <line num="122" type="method" name="loadFile" crap="5" count="4"/>
      <line num="123" type="stmt" count="4"/>
      <line num="124" type="stmt" count="4"/>
      <line num="125" type="stmt" count="4"/>
      <line num="126" type="stmt" count="4"/>
      <line num="131" type="stmt" count="4"/>
      <line num="133" type="stmt" count="4"/>
      <line num="134" type="stmt" count="4"/>
      <line num="135" type="stmt" count="4"/>
      <line num="142" type="method" name="getCandidates" crap="8" count="4"/>
      <line num="143" type="stmt" count="4"/>
      <line num="144" type="stmt" count="4"/>
      <line num="145" type="stmt" count="4"/>
      <line num="146" type="stmt" count="4"/>
      <line num="147" type="stmt" count="4"/>
      <line num="148" type="stmt" count="4"/>
      <line num="149" type="stmt" count="1"/>
      <line num="150" type="stmt" count="1"/>
      <line num="151" type="stmt" count="1"/>
      <line num="152" type="stmt" count="1"/>
      <line num="153" type="stmt" count="1"/>
      <line num="154" type="stmt" count="1"/>
      <line num="155" type="stmt" count="1"/>
      <line num="156" type="stmt" count="1"/>
      <line num="157" type="stmt" count="1"/>
      <line num="158" type="stmt" count="1"/>
      <line num="159" type="stmt" count="1"/>
      <line num="160" type="stmt" count="1"/>
      <line num="161" type="stmt" count="1"/>
      <line num="162" type="stmt" count="1"/>
      <line num="163" type="stmt" count="1"/>
      <line num="164" type="stmt" count="1"/>
      <line num="165" type="stmt" count="3"/>
      <line num="166" type="stmt" count="3"/>
      <line num="167" type="stmt" count="3"/>
      <line num="169" type="stmt" count="4"/>
      <line num="170" type="stmt" count="4"/>
      <line num="171" type="stmt" count="4"/>
      <line num="178" type="method" name="import" crap="6" count="4"/>
      <line num="183" type="stmt" count="4"/>
      <line num="184" type="stmt" count="4"/>
      <line num="185" type="stmt" count="4"/>
      <line num="186" type="stmt" count="1"/>
      <line num="187" type="stmt" count="1"/>
      <line num="193" type="stmt" count="4"/>
      <line num="198" type="stmt" count="4"/>
      <line num="199" type="stmt" count="4"/>
      <line num="200" type="stmt" count="4"/>
      <line num="201" type="stmt" count="4"/>
      <line num="202" type="stmt" count="4"/>
      <line num="203" type="stmt" count="4"/>
      <line num="204" type="stmt" count="4"/>
      <line num="205" type="stmt" count="4"/>
      <line num="206" type="stmt" count="4"/>
      <line num="207" type="stmt" count="4"/>
      <line num="208" type="stmt" count="4"/>
      <line num="209" type="stmt" count="4"/>
      <line num="210" type="stmt" count="4"/>
      <line num="211" type="stmt" count="4"/>
      <line num="222" type="method" name="loadAndCreateInstance" crap="1" count="1"/>
      <line num="223" type="stmt" count="1"/>
      <line num="224" type="stmt" count="1"/>
      <line num="225" type="stmt" count="1"/>
      <line num="226" type="stmt" count="1"/>
      <line num="227" type="stmt" count="1"/>
      <line num="228" type="stmt" count="1"/>
      <line num="240" type="method" name="createInstance" crap="1" count="1"/>
      <line num="241" type="stmt" count="1"/>
      <line num="242" type="stmt" count="1"/>
      <line num="243" type="stmt" count="1"/>
      <line num="244" type="stmt" count="1"/>
      <line num="245" type="stmt" count="1"/>
      <line num="254" type="method" name="autoload" crap="2" count="0"/>
      <line num="255" type="stmt" count="0"/>
      <line num="256" type="stmt" count="0"/>
      <line num="264" type="method" name="registerAutoload" crap="2" count="0"/>
      <line num="265" type="stmt" count="0"/>
      <line num="266" type="stmt" count="0"/>
      <metrics loc="267" ncloc="154" classes="1" methods="11" coveredmethods="7" conditionals="0" coveredconditionals="0" statements="89" coveredstatements="78" elements="100" coveredelements="85"/>
    </file>
    <file name="C:\Users\janoszen\Documents\NetBeansProjects\Alternative-Class-Repository\src\PHP\Lang\Comparable.php">
      <line num="12" type="stmt" count="1"/>
      <line num="19" type="stmt" count="1"/>
      <metrics loc="18" ncloc="7" classes="0" methods="0" coveredmethods="0" conditionals="0" coveredconditionals="0" statements="2" coveredstatements="2" elements="2" coveredelements="2"/>
    </file>
    <file name="C:\Users\janoszen\Documents\NetBeansProjects\Alternative-Class-Repository\src\PHP\Lang\Exception.php">
      <class name="Exception" namespace="global">
        <metrics methods="1" coveredmethods="1" conditionals="0" coveredconditionals="0" statements="2" coveredstatements="2" elements="3" coveredelements="3"/>
      </class>
      <line num="20" type="method" name="__construct" crap="1" count="8"/>
      <line num="21" type="stmt" count="8"/>
      <line num="22" type="stmt" count="8"/>
      <metrics loc="23" ncloc="9" classes="1" methods="1" coveredmethods="1" conditionals="0" coveredconditionals="0" statements="2" coveredstatements="2" elements="3" coveredelements="3"/>
    </file>
    <file name="C:\Users\janoszen\Documents\NetBeansProjects\Alternative-Class-Repository\src\PHP\Lang\IndexOutOfBoundsException.php">
      <class name="IndexOutOfBoundsException" namespace="global">
        <metrics methods="1" coveredmethods="1" conditionals="0" coveredconditionals="0" statements="5" coveredstatements="5" elements="6" coveredelements="6"/>
      </class>
      <line num="20" type="method" name="__construct" crap="2" count="2"/>
      <line num="21" type="stmt" count="2"/>
      <line num="22" type="stmt" count="1"/>
      <line num="23" type="stmt" count="1"/>
      <line num="24" type="stmt" count="1"/>
      <line num="26" type="stmt" count="2"/>
      <metrics loc="27" ncloc="15" classes="1" methods="1" coveredmethods="1" conditionals="0" coveredconditionals="0" statements="5" coveredstatements="5" elements="6" coveredelements="6"/>
    </file>
    <file name="C:\Users\janoszen\Documents\NetBeansProjects\Alternative-Class-Repository\src\PHP\Lang\NotImplementedException.php">
      <class name="NotImplementedException" namespace="global">
        <metrics methods="1" coveredmethods="1" conditionals="0" coveredconditionals="0" statements="9" coveredstatements="9" elements="10" coveredelements="10"/>
      </class>
      <line num="5" type="stmt" count="1"/>
      <line num="15" type="stmt" count="1"/>
      <line num="16" type="method" name="__construct" crap="2" count="2"/>
      <line num="17" type="stmt" count="2"/>
      <line num="18" type="stmt" count="2"/>
      <line num="19" type="stmt" count="1"/>
      <line num="20" type="stmt" count="1"/>
      <line num="21" type="stmt" count="1"/>
      <line num="22" type="stmt" count="1"/>
      <line num="23" type="stmt" count="1"/>
      <line num="24" type="stmt" count="1"/>
      <line num="26" type="stmt" count="2"/>
      <line num="28" type="stmt" count="1"/>
      <metrics loc="27" ncloc="19" classes="1" methods="1" coveredmethods="1" conditionals="0" coveredconditionals="0" statements="12" coveredstatements="12" elements="13" coveredelements="13"/>
    </file>
    <file name="C:\Users\janoszen\Documents\NetBeansProjects\Alternative-Class-Repository\src\PHP\Lang\NullPointerException.php">
      <class name="NullPointerException" namespace="global">
        <metrics methods="0" coveredmethods="0" conditionals="0" coveredconditionals="0" statements="0" coveredstatements="0" elements="0" coveredelements="0"/>
      </class>
      <line num="5" type="stmt" count="1"/>
      <line num="15" type="stmt" count="1"/>
      <line num="18" type="stmt" count="1"/>
      <metrics loc="17" ncloc="9" classes="1" methods="0" coveredmethods="0" conditionals="0" coveredconditionals="0" statements="3" coveredstatements="3" elements="3" coveredelements="3"/>
    </file>
    <file name="C:\Users\janoszen\Documents\NetBeansProjects\Alternative-Class-Repository\src\PHP\Lang\TypeError.php">
      <class name="TypeError" namespace="global">
        <metrics methods="1" coveredmethods="1" conditionals="0" coveredconditionals="0" statements="15" coveredstatements="15" elements="16" coveredelements="16"/>
      </class>
      <line num="20" type="method" name="__construct" crap="3" count="2"/>
      <line num="21" type="stmt" count="2"/>
      <line num="22" type="stmt" count="2"/>
      <line num="23" type="stmt" count="2"/>
      <line num="24" type="stmt" count="1"/>
      <line num="25" type="stmt" count="1"/>
      <line num="26" type="stmt" count="1"/>
      <line num="27" type="stmt" count="1"/>
      <line num="28" type="stmt" count="1"/>
      <line num="29" type="stmt" count="2"/>
      <line num="30" type="stmt" count="2"/>
      <line num="31" type="stmt" count="2"/>
      <line num="32" type="stmt" count="2"/>
      <line num="33" type="stmt" count="2"/>
      <line num="34" type="stmt" count="2"/>
      <line num="35" type="stmt" count="2"/>
      <metrics loc="36" ncloc="24" classes="1" methods="1" coveredmethods="1" conditionals="0" coveredconditionals="0" statements="15" coveredstatements="15" elements="16" coveredelements="16"/>
    </file>
    <file name="C:\Users\janoszen\Documents\NetBeansProjects\Alternative-Class-Repository\src\PHP\Lang\ValueError.php">
      <class name="ValueError" namespace="global">
        <metrics methods="1" coveredmethods="1" conditionals="0" coveredconditionals="0" statements="6" coveredstatements="6" elements="7" coveredelements="7"/>
      </class>
      <line num="20" type="method" name="__construct" crap="2" count="1"/>
      <line num="21" type="stmt" count="1"/>
      <line num="22" type="stmt" count="1"/>
      <line num="23" type="stmt" count="1"/>
      <line num="24" type="stmt" count="1"/>
      <line num="25" type="stmt" count="1"/>
      <line num="26" type="stmt" count="1"/>
      <metrics loc="27" ncloc="15" classes="1" methods="1" coveredmethods="1" conditionals="0" coveredconditionals="0" statements="6" coveredstatements="6" elements="7" coveredelements="7"/>
    </file>
    <file name="C:\Users\janoszen\Documents\NetBeansProjects\Alternative-Class-Repository\tests\ClassLoaderInstanceTestClass.php">
      <class name="ClassLoaderInstanceTestClass" namespace="global">
        <metrics methods="1" coveredmethods="1" conditionals="0" coveredconditionals="0" statements="1" coveredstatements="1" elements="2" coveredelements="2"/>
      </class>
      <line num="0" type="stmt" count="2"/>
      <line num="6" type="stmt" count="1"/>
      <line num="10" type="method" name="__construct" crap="1" count="2"/>
      <line num="12" type="stmt" count="2"/>
      <line num="13" type="stmt" count="1"/>
      <metrics loc="12" ncloc="6" classes="1" methods="1" coveredmethods="1" conditionals="0" coveredconditionals="0" statements="4" coveredstatements="4" elements="5" coveredelements="5"/>
    </file>
    <file name="C:\Users\janoszen\Documents\NetBeansProjects\Alternative-Class-Repository\tests\ClassLoaderTestNamespace\NamespaceTestClass.php">
      <class name="NamespaceTestClass" namespace="global">
        <metrics methods="0" coveredmethods="0" conditionals="0" coveredconditionals="0" statements="0" coveredstatements="0" elements="0" coveredelements="0"/>
      </class>
      <line num="8" type="stmt" count="1"/>
      <line num="10" type="stmt" count="1"/>
      <metrics loc="9" ncloc="6" classes="1" methods="0" coveredmethods="0" conditionals="0" coveredconditionals="0" statements="2" coveredstatements="2" elements="2" coveredelements="2"/>
    </file>
    <file name="C:\Users\janoszen\Documents\NetBeansProjects\Alternative-Class-Repository\tests\TestClassWithCallback.php">
      <class name="TestClassWithCallback" namespace="global">
        <metrics methods="2" coveredmethods="2" conditionals="0" coveredconditionals="0" statements="3" coveredstatements="3" elements="5" coveredelements="5"/>
      </class>
      <line num="6" type="stmt" count="1"/>
      <line num="15" type="method" name="onClassLoaded" crap="1" count="1"/>
      <line num="16" type="stmt" count="1"/>
      <line num="17" type="stmt" count="1"/>
      <line num="22" type="method" name="getHadCallback" crap="1" count="1"/>
      <line num="23" type="stmt" count="1"/>
      <line num="26" type="stmt" count="1"/>
      <metrics loc="25" ncloc="11" classes="1" methods="2" coveredmethods="2" conditionals="0" coveredconditionals="0" statements="5" coveredstatements="5" elements="7" coveredelements="7"/>
    </file>
    <metrics files="14" loc="993" ncloc="526" classes="13" methods="32" coveredmethods="15" conditionals="0" coveredconditionals="0" statements="275" coveredstatements="134" elements="307" coveredelements="149"/>
  </project>
</coverage>
